  game.cpp
  C:\Program Files (x86)\Windows Kits\10\Include\10.0.18362.0\um\dinput.h: DIRECTINPUT_VERSION undefined. Defaulting to version 0x0800
E:\编程\C++\Sudoku\Sudoku\BobClass.h(107,43): warning C4244: “=”: 从“int”转换到“float”，可能丢失数据
E:\编程\C++\Sudoku\Sudoku\BobClass.h(107,53): warning C4244: “=”: 从“int”转换到“float”，可能丢失数据
E:\编程\C++\Sudoku\Sudoku\BobClass.h(108,40): warning C4244: “=”: 从“int”转换到“float”，可能丢失数据
E:\编程\C++\Sudoku\Sudoku\BobClass.h(108,48): warning C4244: “=”: 从“int”转换到“float”，可能丢失数据
E:\编程\C++\Sudoku\Sudoku\BobClass.h(132,64): warning C4244: “return”: 从“ULONGLONG”转换到“int”，可能丢失数据
E:\编程\C++\Sudoku\Sudoku\game.h(13,17): warning C4081: 应输入“(”；找到“newline”
E:\编程\C++\Sudoku\Sudoku\game.cpp(189,5): warning C4065: switch 语句包含“default”但是未包含“case”标签
  sudoku.cpp
  C:\Program Files (x86)\Windows Kits\10\Include\10.0.18362.0\um\dinput.h: DIRECTINPUT_VERSION undefined. Defaulting to version 0x0800
E:\编程\C++\Sudoku\Sudoku\BobClass.h(107,43): warning C4244: “=”: 从“int”转换到“float”，可能丢失数据
E:\编程\C++\Sudoku\Sudoku\BobClass.h(107,53): warning C4244: “=”: 从“int”转换到“float”，可能丢失数据
E:\编程\C++\Sudoku\Sudoku\BobClass.h(108,40): warning C4244: “=”: 从“int”转换到“float”，可能丢失数据
E:\编程\C++\Sudoku\Sudoku\BobClass.h(108,48): warning C4244: “=”: 从“int”转换到“float”，可能丢失数据
E:\编程\C++\Sudoku\Sudoku\BobClass.h(132,64): warning C4244: “return”: 从“ULONGLONG”转换到“int”，可能丢失数据
E:\编程\C++\Sudoku\Sudoku\game.h(13,17): warning C4081: 应输入“(”；找到“newline”
E:\编程\C++\Sudoku\Sudoku\sudoku.cpp(67,10): warning C4101: “buffer”: 未引用的局部变量
E:\编程\C++\Sudoku\Sudoku\sudoku.cpp(120,15): warning C4244: “参数”: 从“time_t”转换到“unsigned int”，可能丢失数据
E:\编程\C++\Sudoku\Sudoku\sudoku.cpp(124,16): warning C4101: “hdc”: 未引用的局部变量
  正在生成代码...
  Sudoku.vcxproj -> E:\编程\C++\Sudoku\Debug\Sudoku.exe
